0 info it worked if it ends with ok
1 verbose cli [ '/Users/joslomba/.nvm/versions/node/v4.4.3/bin/node',
1 verbose cli   '/Users/joslomba/.nvm/versions/node/v4.4.3/bin/npm',
1 verbose cli   'install',
1 verbose cli   'es6-promise' ]
2 info using npm@2.15.1
3 info using node@v4.4.3
4 verbose install initial load of /Users/joslomba/Sites/searchLastFM-react/package.json
5 warn package.json react-engine-example-app@1.0.0 No repository field.
6 warn package.json react-engine-example-app@1.0.0 No license field.
7 verbose installManyTop reading scoped package data from /Users/joslomba/Sites/searchLastFM-react/node_modules/babel-core/package.json
8 verbose installManyTop reading scoped package data from /Users/joslomba/Sites/searchLastFM-react/node_modules/babel-loader/package.json
9 verbose installManyTop reading scoped package data from /Users/joslomba/Sites/searchLastFM-react/node_modules/babel-polyfill/package.json
10 verbose installManyTop reading scoped package data from /Users/joslomba/Sites/searchLastFM-react/node_modules/babel-preset-es2015/package.json
11 verbose installManyTop reading scoped package data from /Users/joslomba/Sites/searchLastFM-react/node_modules/babel-preset-react/package.json
12 verbose installManyTop reading scoped package data from /Users/joslomba/Sites/searchLastFM-react/node_modules/babel-register/package.json
13 verbose installManyTop reading scoped package data from /Users/joslomba/Sites/searchLastFM-react/node_modules/bootstrap/package.json
14 verbose installManyTop reading scoped package data from /Users/joslomba/Sites/searchLastFM-react/node_modules/css-loader/package.json
15 verbose installManyTop reading scoped package data from /Users/joslomba/Sites/searchLastFM-react/node_modules/express/package.json
16 verbose installManyTop reading scoped package data from /Users/joslomba/Sites/searchLastFM-react/node_modules/fetch-ie8/package.json
17 verbose installManyTop reading scoped package data from /Users/joslomba/Sites/searchLastFM-react/node_modules/file-loader/package.json
18 verbose installManyTop reading scoped package data from /Users/joslomba/Sites/searchLastFM-react/node_modules/history/package.json
19 verbose installManyTop reading scoped package data from /Users/joslomba/Sites/searchLastFM-react/node_modules/json-loader/package.json
20 verbose installManyTop reading scoped package data from /Users/joslomba/Sites/searchLastFM-react/node_modules/nodemon/package.json
21 verbose installManyTop reading scoped package data from /Users/joslomba/Sites/searchLastFM-react/node_modules/parallelshell/package.json
22 verbose installManyTop reading scoped package data from /Users/joslomba/Sites/searchLastFM-react/node_modules/q/package.json
23 verbose installManyTop reading scoped package data from /Users/joslomba/Sites/searchLastFM-react/node_modules/react/package.json
24 verbose installManyTop reading scoped package data from /Users/joslomba/Sites/searchLastFM-react/node_modules/react-engine/package.json
25 verbose installManyTop reading scoped package data from /Users/joslomba/Sites/searchLastFM-react/node_modules/react-router/package.json
26 verbose installManyTop reading scoped package data from /Users/joslomba/Sites/searchLastFM-react/node_modules/request/package.json
27 verbose installManyTop reading scoped package data from /Users/joslomba/Sites/searchLastFM-react/node_modules/serve-favicon/package.json
28 verbose installManyTop reading scoped package data from /Users/joslomba/Sites/searchLastFM-react/node_modules/style-loader/package.json
29 verbose installManyTop reading scoped package data from /Users/joslomba/Sites/searchLastFM-react/node_modules/url-loader/package.json
30 verbose installManyTop reading scoped package data from /Users/joslomba/Sites/searchLastFM-react/node_modules/webpack/package.json
31 info package.json babel-polyfill@6.9.1 No description
32 info package.json q@1.4.1 license should be a valid SPDX license expression
33 info package.json react-router@2.5.1 No README data
34 info package.json react-engine@3.4.1 No license field.
35 verbose readDependencies loading dependencies from /Users/joslomba/Sites/searchLastFM-react/package.json
36 silly cache add args [ 'es6-promise', null ]
37 verbose cache add spec es6-promise
38 silly cache add parsed spec Result {
38 silly cache add   raw: 'es6-promise',
38 silly cache add   scope: null,
38 silly cache add   name: 'es6-promise',
38 silly cache add   rawSpec: '',
38 silly cache add   spec: 'latest',
38 silly cache add   type: 'tag' }
39 silly addNamed es6-promise@latest
40 verbose addNamed "latest" is being treated as a dist-tag for es6-promise
41 info addNameTag [ 'es6-promise', 'latest' ]
42 silly mapToRegistry name es6-promise
43 silly mapToRegistry using default registry
44 silly mapToRegistry registry https://registry.npmjs.org/
45 silly mapToRegistry data Result {
45 silly mapToRegistry   raw: 'es6-promise',
45 silly mapToRegistry   scope: null,
45 silly mapToRegistry   name: 'es6-promise',
45 silly mapToRegistry   rawSpec: '',
45 silly mapToRegistry   spec: 'latest',
45 silly mapToRegistry   type: 'tag' }
46 silly mapToRegistry uri https://registry.npmjs.org/es6-promise
47 verbose addNameTag registry:https://registry.npmjs.org/es6-promise not in flight; fetching
48 verbose request uri https://registry.npmjs.org/es6-promise
49 verbose request no auth needed
50 info attempt registry request try #1 at 1:03:22 PM
51 verbose request id df2519e68e0b2b68
52 verbose etag "9OVYTBD7CK9J7CBJKRSG225SK"
53 http request GET https://registry.npmjs.org/es6-promise
54 http 304 https://registry.npmjs.org/es6-promise
55 verbose headers { date: 'Fri, 01 Jul 2016 18:03:23 GMT',
55 verbose headers   via: '1.1 varnish',
55 verbose headers   'cache-control': 'max-age=300',
55 verbose headers   etag: '"9OVYTBD7CK9J7CBJKRSG225SK"',
55 verbose headers   age: '27',
55 verbose headers   connection: 'keep-alive',
55 verbose headers   'x-served-by': 'cache-iad2141-IAD',
55 verbose headers   'x-cache': 'HIT',
55 verbose headers   'x-cache-hits': '1',
55 verbose headers   'x-timer': 'S1467396203.269207,VS0,VE0',
55 verbose headers   vary: 'Accept-Encoding' }
56 silly get cb [ 304,
56 silly get   { date: 'Fri, 01 Jul 2016 18:03:23 GMT',
56 silly get     via: '1.1 varnish',
56 silly get     'cache-control': 'max-age=300',
56 silly get     etag: '"9OVYTBD7CK9J7CBJKRSG225SK"',
56 silly get     age: '27',
56 silly get     connection: 'keep-alive',
56 silly get     'x-served-by': 'cache-iad2141-IAD',
56 silly get     'x-cache': 'HIT',
56 silly get     'x-cache-hits': '1',
56 silly get     'x-timer': 'S1467396203.269207,VS0,VE0',
56 silly get     vary: 'Accept-Encoding' } ]
57 verbose etag https://registry.npmjs.org/es6-promise from cache
58 verbose get saving es6-promise to /Users/joslomba/.npm/registry.npmjs.org/es6-promise/.cache.json
59 verbose correctMkdir /Users/joslomba/.npm correctMkdir not in flight; initializing
60 silly addNameTag next cb for es6-promise with tag latest
61 silly addNamed es6-promise@3.2.1
62 verbose addNamed "3.2.1" is a plain semver version for es6-promise
63 silly cache afterAdd es6-promise@3.2.1
64 verbose afterAdd /Users/joslomba/.npm/es6-promise/3.2.1/package/package.json not in flight; writing
65 verbose correctMkdir /Users/joslomba/.npm correctMkdir not in flight; initializing
66 verbose afterAdd /Users/joslomba/.npm/es6-promise/3.2.1/package/package.json written
67 silly install resolved [ { name: 'es6-promise',
67 silly install resolved     namespace: 'es6-promise',
67 silly install resolved     version: '3.2.1',
67 silly install resolved     description: 'A lightweight library that provides tools for organizing asynchronous code',
67 silly install resolved     main: 'dist/es6-promise.js',
67 silly install resolved     directories: { lib: 'lib' },
67 silly install resolved     files: [ 'dist', 'lib', '!dist/test' ],
67 silly install resolved     devDependencies:
67 silly install resolved      { 'babel-eslint': '^6.0.0',
67 silly install resolved        'broccoli-es6-module-transpiler': '^0.5.0',
67 silly install resolved        'broccoli-jshint': '^2.1.0',
67 silly install resolved        'broccoli-merge-trees': '^1.1.1',
67 silly install resolved        'broccoli-replace': '^0.12.0',
67 silly install resolved        'broccoli-stew': '^1.2.0',
67 silly install resolved        'broccoli-uglify-js': '^0.1.3',
67 silly install resolved        'broccoli-watchify': '^0.2.0',
67 silly install resolved        'ember-cli': '2.5.0',
67 silly install resolved        'ember-publisher': '0.0.7',
67 silly install resolved        'git-repo-version': '0.0.3',
67 silly install resolved        json3: '^3.3.2',
67 silly install resolved        mocha: '^1.20.1',
67 silly install resolved        'promises-aplus-tests-phantom': '^2.1.0-revise',
67 silly install resolved        'release-it': '0.0.10' },
67 silly install resolved     scripts:
67 silly install resolved      { build: 'ember build',
67 silly install resolved        'build:production': 'ember build --environment production',
67 silly install resolved        start: 'ember s',
67 silly install resolved        test: 'ember test',
67 silly install resolved        'test:server': 'ember test --server',
67 silly install resolved        'test:node': 'ember build && mocha ./dist/test/browserify',
67 silly install resolved        lint: 'jshint lib',
67 silly install resolved        prepublish: 'ember build --environment production',
67 silly install resolved        'dry-run-release': 'ember build --environment production && release-it --dry-run --non-interactive' },
67 silly install resolved     repository:
67 silly install resolved      { type: 'git',
67 silly install resolved        url: 'git://github.com/jakearchibald/ES6-Promises.git' },
67 silly install resolved     bugs: { url: 'https://github.com/jakearchibald/ES6-Promises/issues' },
67 silly install resolved     browser: { vertx: false },
67 silly install resolved     keywords: [ 'promises', 'futures' ],
67 silly install resolved     author:
67 silly install resolved      { name: 'Yehuda Katz, Tom Dale, Stefan Penner and contributors',
67 silly install resolved        url: 'Conversion to ES6 API by Jake Archibald' },
67 silly install resolved     license: 'MIT',
67 silly install resolved     spm: { main: 'dist/es6-promise.js' },
67 silly install resolved     gitHead: '5df472ec56d5b9fbc76589383852008d46055c61',
67 silly install resolved     homepage: 'https://github.com/jakearchibald/ES6-Promises#readme',
67 silly install resolved     _id: 'es6-promise@3.2.1',
67 silly install resolved     _shasum: 'ec56233868032909207170c39448e24449dd1fc4',
67 silly install resolved     _from: 'es6-promise@latest',
67 silly install resolved     _npmVersion: '3.8.8',
67 silly install resolved     _nodeVersion: '5.10.1',
67 silly install resolved     _npmUser: { name: 'stefanpenner', email: 'stefan.penner@gmail.com' },
67 silly install resolved     dist:
67 silly install resolved      { shasum: 'ec56233868032909207170c39448e24449dd1fc4',
67 silly install resolved        tarball: 'https://registry.npmjs.org/es6-promise/-/es6-promise-3.2.1.tgz' },
67 silly install resolved     maintainers: [ [Object], [Object] ],
67 silly install resolved     _npmOperationalInternal:
67 silly install resolved      { host: 'packages-12-west.internal.npmjs.com',
67 silly install resolved        tmp: 'tmp/es6-promise-3.2.1.tgz_1463027774105_0.6333294357173145' },
67 silly install resolved     _resolved: 'https://registry.npmjs.org/es6-promise/-/es6-promise-3.2.1.tgz',
67 silly install resolved     readme: 'ERROR: No README data found!' } ]
68 info install es6-promise@3.2.1 into /Users/joslomba/Sites/searchLastFM-react
69 info installOne es6-promise@3.2.1
70 verbose installOne of es6-promise to /Users/joslomba/Sites/searchLastFM-react not in flight; installing
71 verbose correctMkdir /Users/joslomba/.npm/_locks correctMkdir not in flight; initializing
72 verbose lock using /Users/joslomba/.npm/_locks/es6-promise-516236a74034b316.lock for /Users/joslomba/Sites/searchLastFM-react/node_modules/es6-promise
73 silly install write writing es6-promise 3.2.1 to /Users/joslomba/Sites/searchLastFM-react/node_modules/es6-promise
74 verbose unbuild node_modules/es6-promise
75 silly gentlyRm /Users/joslomba/Sites/searchLastFM-react/node_modules/es6-promise is being purged from base /Users/joslomba/Sites/searchLastFM-react
76 verbose gentlyRm don't care about contents; nuking /Users/joslomba/Sites/searchLastFM-react/node_modules/es6-promise
77 verbose tar unpack /Users/joslomba/.npm/es6-promise/3.2.1/package.tgz
78 verbose tar unpacking to /Users/joslomba/Sites/searchLastFM-react/node_modules/es6-promise
79 silly gentlyRm /Users/joslomba/Sites/searchLastFM-react/node_modules/es6-promise is being purged
80 verbose gentlyRm don't care about contents; nuking /Users/joslomba/Sites/searchLastFM-react/node_modules/es6-promise
81 silly gunzTarPerm modes [ '755', '644' ]
82 silly gunzTarPerm extractEntry package.json
83 silly gunzTarPerm extractEntry README.md
84 silly gunzTarPerm extractEntry LICENSE
85 silly gunzTarPerm extractEntry CHANGELOG.md
86 silly gunzTarPerm extractEntry dist/es6-promise.js
87 silly gunzTarPerm extractEntry dist/es6-promise.min.js
88 silly gunzTarPerm extractEntry lib/es6-promise.umd.js
89 silly gunzTarPerm extractEntry lib/es6-promise/-internal.js
90 silly gunzTarPerm extractEntry lib/es6-promise/asap.js
91 silly gunzTarPerm extractEntry lib/es6-promise/enumerator.js
92 silly gunzTarPerm extractEntry lib/es6-promise/polyfill.js
93 silly gunzTarPerm extractEntry lib/es6-promise/promise.js
94 silly gunzTarPerm extractEntry lib/es6-promise/then.js
95 silly gunzTarPerm extractEntry lib/es6-promise/utils.js
96 silly gunzTarPerm extractEntry lib/es6-promise/promise/all.js
97 silly gunzTarPerm extractEntry lib/es6-promise/promise/race.js
98 silly gunzTarPerm extractEntry lib/es6-promise/promise/reject.js
99 silly gunzTarPerm extractEntry lib/es6-promise/promise/resolve.js
100 verbose write writing to /Users/joslomba/Sites/searchLastFM-react/node_modules/es6-promise/package.json
101 info preinstall es6-promise@3.2.1
102 verbose readDependencies loading dependencies from /Users/joslomba/Sites/searchLastFM-react/node_modules/es6-promise/package.json
103 verbose readDependencies loading dependencies from /Users/joslomba/Sites/searchLastFM-react/node_modules/es6-promise/package.json
104 silly install resolved []
105 verbose about to build /Users/joslomba/Sites/searchLastFM-react/node_modules/es6-promise
106 info build /Users/joslomba/Sites/searchLastFM-react/node_modules/es6-promise
107 info linkStuff es6-promise@3.2.1
108 silly linkStuff es6-promise@3.2.1 has /Users/joslomba/Sites/searchLastFM-react/node_modules as its parent node_modules
109 verbose linkBins es6-promise@3.2.1
110 verbose linkMans es6-promise@3.2.1
111 verbose rebuildBundles es6-promise@3.2.1
112 info install es6-promise@3.2.1
113 info postinstall es6-promise@3.2.1
114 verbose unlock done using /Users/joslomba/.npm/_locks/es6-promise-516236a74034b316.lock for /Users/joslomba/Sites/searchLastFM-react/node_modules/es6-promise
115 verbose validateInstall loading /Users/joslomba/Sites/searchLastFM-react/package.json for validation
116 verbose stack Error: The package react@15.1.0 does not satisfy its siblings' peerDependencies requirements!
116 verbose stack     at /Users/joslomba/.nvm/versions/node/v4.4.3/lib/node_modules/npm/lib/install.js:125:32
116 verbose stack     at /Users/joslomba/.nvm/versions/node/v4.4.3/lib/node_modules/npm/lib/install.js:268:7
116 verbose stack     at /Users/joslomba/.nvm/versions/node/v4.4.3/lib/node_modules/npm/node_modules/read-installed/read-installed.js:142:5
116 verbose stack     at /Users/joslomba/.nvm/versions/node/v4.4.3/lib/node_modules/npm/node_modules/read-installed/read-installed.js:263:14
116 verbose stack     at cb (/Users/joslomba/.nvm/versions/node/v4.4.3/lib/node_modules/npm/node_modules/slide/lib/async-map.js:47:24)
116 verbose stack     at /Users/joslomba/.nvm/versions/node/v4.4.3/lib/node_modules/npm/node_modules/read-installed/read-installed.js:263:14
116 verbose stack     at cb (/Users/joslomba/.nvm/versions/node/v4.4.3/lib/node_modules/npm/node_modules/slide/lib/async-map.js:47:24)
116 verbose stack     at /Users/joslomba/.nvm/versions/node/v4.4.3/lib/node_modules/npm/node_modules/read-installed/read-installed.js:263:14
116 verbose stack     at cb (/Users/joslomba/.nvm/versions/node/v4.4.3/lib/node_modules/npm/node_modules/slide/lib/async-map.js:47:24)
116 verbose stack     at /Users/joslomba/.nvm/versions/node/v4.4.3/lib/node_modules/npm/node_modules/read-installed/read-installed.js:263:14
117 verbose cwd /Users/joslomba/Sites/searchLastFM-react
118 error Darwin 15.5.0
119 error argv "/Users/joslomba/.nvm/versions/node/v4.4.3/bin/node" "/Users/joslomba/.nvm/versions/node/v4.4.3/bin/npm" "install" "es6-promise"
120 error node v4.4.3
121 error npm  v2.15.1
122 error code EPEERINVALID
123 error peerinvalid The package react@15.1.0 does not satisfy its siblings' peerDependencies requirements!
123 error peerinvalid Peer react-router@2.5.1 wants react@^0.14.0 || ^15.0.0
124 verbose exit [ 1, true ]
